GET /api/2.0/vdn/virtualwires HTTP/1.1
Host: 192.168.110.30
Authorization: Basic YWRtaW46Vk13YXJlMSE=
User-Agent: PycURL/7.19.5 libcurl/7.43.0 GnuTLS/3.3.15 zlib/1.2.8 libidn/1.28 librtmp/2.3
Accept: application/xml
Content-type: application/xml

HTTP/1.1 200 OK
Cache-Control: private
Expires: Thu, 01 Jan 1970 00:00:00 GMT
Server:  
Cache-Control: no-cache
Date: Thu, 06 Jul 2017 17:02:20 GMT
Strict-Transport-Security: max-age=31536000; includeSubDomains
Content-Type: application/xml
Transfer-Encoding: chunked

<?xml version="1.0" encoding="UTF-8"?>
<virtualWires>
  <dataPage>
    <pagingInfo>
      <pageSize>20</pageSize>
      <startIndex>0</startIndex>
      <totalCount>6</totalCount>
      <sortOrderAscending>true</sortOrderAscending>
    </pagingInfo>
    <virtualWire>
      <objectId>virtualwire-1</objectId>
      <objectTypeName>VirtualWire</objectTypeName>
      <vsmUuid>42159F7C-2D59-F037-6676-C58C280182DC</vsmUuid>
      <nodeId>2fd5be66-5d1e-421c-b187-ffda32016534</nodeId>
      <revision>2</revision>
      <type>
        <typeName>VirtualWire</typeName>
      </type>
      <name>transit-ls</name>
      <description/>
      <clientHandle/>
      <extendedAttributes/>
      <isUniversal>false</isUniversal>
      <universalRevision>0</universalRevision>
      <tenantId/>
      <vdnScopeId>vdnscope-1</vdnScopeId>
      <vdsContextWithBacking>
        <switch>
          <objectId>dvs-24</objectId>
          <objectTypeName>VmwareDistributedVirtualSwitch</objectTypeName>
          <vsmUuid>42159F7C-2D59-F037-6676-C58C280182DC</vsmUuid>
          <nodeId>2fd5be66-5d1e-421c-b187-ffda32016534</nodeId>
          <revision>8</revision>
          <type>
            <typeName>VmwareDistributedVirtualSwitch</typeName>
          </type>
          <name>nsx-vds</name>
          <scope>
            <id>datacenter-2</id>
            <objectTypeName>Datacenter</objectTypeName>
            <name>nsx-datacenter</name>
          </scope>
          <clientHandle/>
          <extendedAttributes/>
          <isUniversal>false</isUniversal>
          <universalRevision>0</universalRevision>
        </switch>
        <mtu>1600</mtu>
        <promiscuousMode>false</promiscuousMode>
        <backingType>portgroup</backingType>
        <backingValue>dvportgroup-36</backingValue>
        <missingOnVc>false</missingOnVc>
      </vdsContextWithBacking>
      <vdnId>5000</vdnId>
      <guestVlanAllowed>false</guestVlanAllowed>
      <controlPlaneMode>UNICAST_MODE</controlPlaneMode>
      <ctrlLsUuid>42247a2a-64cf-4b3f-b4a3-54e0f781bd54</ctrlLsUuid>
      <macLearningEnabled>false</macLearningEnabled>
    </virtualWire>
    <virtualWire>
      <objectId>virtualwire-2</objectId>
      <objectTypeName>VirtualWire</objectTypeName>
      <vsmUuid>42159F7C-2D59-F037-6676-C58C280182DC</vsmUuid>
      <nodeId>2fd5be66-5d1e-421c-b187-ffda32016534</nodeId>
      <revision>2</revision>
      <type>
        <typeName>VirtualWire</typeName>
      </type>
      <name>web-ls</name>
      <description/>
      <clientHandle/>
      <extendedAttributes/>
      <isUniversal>false</isUniversal>
      <universalRevision>0</universalRevision>
      <tenantId/>
      <vdnScopeId>vdnscope-1</vdnScopeId>
      <vdsContextWithBacking>
        <switch>
          <objectId>dvs-24</objectId>
          <objectTypeName>VmwareDistributedVirtualSwitch</objectTypeName>
          <vsmUuid>42159F7C-2D59-F037-6676-C58C280182DC</vsmUuid>
          <nodeId>2fd5be66-5d1e-421c-b187-ffda32016534</nodeId>
          <revision>8</revision>
          <type>
            <typeName>VmwareDistributedVirtualSwitch</typeName>
          </type>
          <name>nsx-vds</name>
          <scope>
            <id>datacenter-2</id>
            <objectTypeName>Datacenter</objectTypeName>
            <name>nsx-datacenter</name>
          </scope>
          <clientHandle/>
          <extendedAttributes/>
          <isUniversal>false</isUniversal>
          <universalRevision>0</universalRevision>
        </switch>
        <mtu>1600</mtu>
        <promiscuousMode>false</promiscuousMode>
        <backingType>portgroup</backingType>
        <backingValue>dvportgroup-37</backingValue>
        <missingOnVc>false</missingOnVc>
      </vdsContextWithBacking>
      <vdnId>5001</vdnId>
      <guestVlanAllowed>false</guestVlanAllowed>
      <controlPlaneMode>UNICAST_MODE</controlPlaneMode>
      <ctrlLsUuid>42da920b-bfdc-40f2-b303-f0c20fe9947f</ctrlLsUuid>
      <macLearningEnabled>false</macLearningEnabled>
    </virtualWire>
    <virtualWire>
      <objectId>virtualwire-3</objectId>
      <objectTypeName>VirtualWire</objectTypeName>
      <vsmUuid>42159F7C-2D59-F037-6676-C58C280182DC</vsmUuid>
      <nodeId>2fd5be66-5d1e-421c-b187-ffda32016534</nodeId>
      <revision>2</revision>
      <type>
        <typeName>VirtualWire</typeName>
      </type>
      <name>app-ls</name>
      <description/>
      <clientHandle/>
      <extendedAttributes/>
      <isUniversal>false</isUniversal>
      <universalRevision>0</universalRevision>
      <tenantId/>
      <vdnScopeId>vdnscope-1</vdnScopeId>
      <vdsContextWithBacking>
        <switch>
          <objectId>dvs-24</objectId>
          <objectTypeName>VmwareDistributedVirtualSwitch</objectTypeName>
          <vsmUuid>42159F7C-2D59-F037-6676-C58C280182DC</vsmUuid>
          <nodeId>2fd5be66-5d1e-421c-b187-ffda32016534</nodeId>
          <revision>8</revision>
          <type>
            <typeName>VmwareDistributedVirtualSwitch</typeName>
          </type>
          <name>nsx-vds</name>
          <scope>
            <id>datacenter-2</id>
            <objectTypeName>Datacenter</objectTypeName>
            <name>nsx-datacenter</name>
          </scope>
          <clientHandle/>
          <extendedAttributes/>
          <isUniversal>false</isUniversal>
          <universalRevision>0</universalRevision>
        </switch>
        <mtu>1600</mtu>
        <promiscuousMode>false</promiscuousMode>
        <backingType>portgroup</backingType>
        <backingValue>dvportgroup-38</backingValue>
        <missingOnVc>false</missingOnVc>
      </vdsContextWithBacking>
      <vdnId>5002</vdnId>
      <guestVlanAllowed>false</guestVlanAllowed>
      <controlPlaneMode>UNICAST_MODE</controlPlaneMode>
      <ctrlLsUuid>d741c11f-d4cb-42b1-a294-0c10a3698614</ctrlLsUuid>
      <macLearningEnabled>false</macLearningEnabled>
    </virtualWire>
    <virtualWire>
      <objectId>virtualwire-4</objectId>
      <objectTypeName>VirtualWire</objectTypeName>
      <vsmUuid>42159F7C-2D59-F037-6676-C58C280182DC</vsmUuid>
      <nodeId>2fd5be66-5d1e-421c-b187-ffda32016534</nodeId>
      <revision>2</revision>
      <type>
        <typeName>VirtualWire</typeName>
      </type>
      <name>db-ls</name>
      <description/>
      <clientHandle/>
      <extendedAttributes/>
      <isUniversal>false</isUniversal>
      <universalRevision>0</universalRevision>
      <tenantId/>
      <vdnScopeId>vdnscope-1</vdnScopeId>
      <vdsContextWithBacking>
        <switch>
          <objectId>dvs-24</objectId>
          <objectTypeName>VmwareDistributedVirtualSwitch</objectTypeName>
          <vsmUuid>42159F7C-2D59-F037-6676-C58C280182DC</vsmUuid>
          <nodeId>2fd5be66-5d1e-421c-b187-ffda32016534</nodeId>
          <revision>8</revision>
          <type>
            <typeName>VmwareDistributedVirtualSwitch</typeName>
          </type>
          <name>nsx-vds</name>
          <scope>
            <id>datacenter-2</id>
            <objectTypeName>Datacenter</objectTypeName>
            <name>nsx-datacenter</name>
          </scope>
          <clientHandle/>
          <extendedAttributes/>
          <isUniversal>false</isUniversal>
          <universalRevision>0</universalRevision>
        </switch>
        <mtu>1600</mtu>
        <promiscuousMode>false</promiscuousMode>
        <backingType>portgroup</backingType>
        <backingValue>dvportgroup-39</backingValue>
        <missingOnVc>false</missingOnVc>
      </vdsContextWithBacking>
      <vdnId>5003</vdnId>
      <guestVlanAllowed>false</guestVlanAllowed>
      <controlPlaneMode>UNICAST_MODE</controlPlaneMode>
      <ctrlLsUuid>a18ea25a-c3dc-4e9c-bc43-047eaf0d1faf</ctrlLsUuid>
      <macLearningEnabled>false</macLearningEnabled>
    </virtualWire>
    <virtualWire>
      <objectId>virtualwire-5</objectId>
      <objectTypeName>VirtualWire</objectTypeName>
      <vsmUuid>42159F7C-2D59-F037-6676-C58C280182DC</vsmUuid>
      <nodeId>2fd5be66-5d1e-421c-b187-ffda32016534</nodeId>
      <revision>2</revision>
      <type>
        <typeName>VirtualWire</typeName>
      </type>
      <name>LS_vlan_tagging</name>
      <description>For guest VLAN tagging</description>
      <clientHandle/>
      <extendedAttributes/>
      <isUniversal>false</isUniversal>
      <universalRevision>0</universalRevision>
      <tenantId>virtual wire tenant</tenantId>
      <vdnScopeId>vdnscope-1</vdnScopeId>
      <vdsContextWithBacking>
        <switch>
          <objectId>dvs-24</objectId>
          <objectTypeName>VmwareDistributedVirtualSwitch</objectTypeName>
          <vsmUuid>42159F7C-2D59-F037-6676-C58C280182DC</vsmUuid>
          <nodeId>2fd5be66-5d1e-421c-b187-ffda32016534</nodeId>
          <revision>8</revision>
          <type>
            <typeName>VmwareDistributedVirtualSwitch</typeName>
          </type>
          <name>nsx-vds</name>
          <scope>
            <id>datacenter-2</id>
            <objectTypeName>Datacenter</objectTypeName>
            <name>nsx-datacenter</name>
          </scope>
          <clientHandle/>
          <extendedAttributes/>
          <isUniversal>false</isUniversal>
          <universalRevision>0</universalRevision>
        </switch>
        <mtu>1600</mtu>
        <promiscuousMode>false</promiscuousMode>
        <backingType>portgroup</backingType>
        <backingValue>dvportgroup-64</backingValue>
        <missingOnVc>false</missingOnVc>
      </vdsContextWithBacking>
      <vdnId>5004</vdnId>
      <guestVlanAllowed>false</guestVlanAllowed>
      <controlPlaneMode>UNICAST_MODE</controlPlaneMode>
      <ctrlLsUuid>daa0e922-1ccd-4a7b-8bca-ef3590499526</ctrlLsUuid>
      <macLearningEnabled>false</macLearningEnabled>
    </virtualWire>
    <virtualWire>
      <objectId>virtualwire-6</objectId>
      <objectTypeName>VirtualWire</objectTypeName>
      <vsmUuid>42159F7C-2D59-F037-6676-C58C280182DC</vsmUuid>
      <nodeId>2fd5be66-5d1e-421c-b187-ffda32016534</nodeId>
      <revision>2</revision>
      <type>
        <typeName>VirtualWire</typeName>
      </type>
      <name>LS_vlan_tagging</name>
      <description>For guest VLAN tagging</description>
      <clientHandle/>
      <extendedAttributes/>
      <isUniversal>false</isUniversal>
      <universalRevision>0</universalRevision>
      <tenantId>virtual wire tenant</tenantId>
      <vdnScopeId>vdnscope-1</vdnScopeId>
      <vdsContextWithBacking>
        <switch>
          <objectId>dvs-24</objectId>
          <objectTypeName>VmwareDistributedVirtualSwitch</objectTypeName>
          <vsmUuid>42159F7C-2D59-F037-6676-C58C280182DC</vsmUuid>
          <nodeId>2fd5be66-5d1e-421c-b187-ffda32016534</nodeId>
          <revision>8</revision>
          <type>
            <typeName>VmwareDistributedVirtualSwitch</typeName>
          </type>
          <name>nsx-vds</name>
          <scope>
            <id>datacenter-2</id>
            <objectTypeName>Datacenter</objectTypeName>
            <name>nsx-datacenter</name>
          </scope>
          <clientHandle/>
          <extendedAttributes/>
          <isUniversal>false</isUniversal>
          <universalRevision>0</universalRevision>
        </switch>
        <mtu>1600</mtu>
        <promiscuousMode>false</promiscuousMode>
        <backingType>portgroup</backingType>
        <backingValue>dvportgroup-65</backingValue>
        <missingOnVc>false</missingOnVc>
      </vdsContextWithBacking>
      <vdnId>5005</vdnId>
      <guestVlanAllowed>false</guestVlanAllowed>
      <controlPlaneMode>UNICAST_MODE</controlPlaneMode>
      <ctrlLsUuid>300914e7-48b0-4c51-aedd-5b60152c10aa</ctrlLsUuid>
      <macLearningEnabled>false</macLearningEnabled>
    </virtualWire>
  </dataPage>
</virtualWires>
